<?xml version="1.0" encoding="UTF-8"?>
<!-- Generated by org.testng.reporters.JUnitReportReporter -->
<testsuite skipped="0" hostname="LAPTOP-IGIETTVG" name="orangeHrm.OrganizationPageTest" tests="1" failures="0" timestamp="11 Feb 2021 14:19:40 GMT" time="12.445" errors="0">
  <testcase name="openPage" time="12.445" classname="orangeHrm.OrganizationPageTest"/>
</testsuite> <!-- orangeHrm.OrganizationPageTest -->
